<?xml version="1.0" encoding="UTF-8"?>
<!-- Generated by org.testng.reporters.JUnitXMLReporter -->
<testsuite ignored="1" hostname="DESKTOP-HLTLLQB" failures="0" tests="2" name="Test2" time="20.483" errors="0" timestamp="2019-12-07T19:43:13 IST">
  <testcase classname="flipkart.flipkart.ParalletGet1" name="GetTitle1" time="0.748"/>
  <testcase classname="flipkart.flipkart.ParalletGet1" name="GetTitle" time="0.028"/>
  <testcase classname="flipkart.flipkart.ParalletGet1" name="GetTitle" time="0.0">
    <ignored/>
  </testcase> <!-- GetTitle -->
</testsuite> <!-- Test2 -->
