<?xml version="1.0" encoding="UTF-8"?>
<testng-results ignored="1" total="5" passed="4" failed="0" skipped="0">
  <reporter-output>
  </reporter-output>
  <suite started-at="2019-12-07T19:49:47 IST" name="Suite" finished-at="2019-12-07T19:49:47 IST" duration-ms="32">
    <groups>
      <group name="one">
        <method signature="ExampleClass.Get()[pri:0, instance:flipkart.flipkart.ExampleClass@3bd82cf5]" name="Get" class="flipkart.flipkart.ExampleClass"/>
      </group> <!-- one -->
      <group name="two">
        <method signature="ExampleClass.Get()[pri:0, instance:flipkart.flipkart.ExampleClass@3bd82cf5]" name="Get" class="flipkart.flipkart.ExampleClass"/>
      </group> <!-- two -->
    </groups>
    <test started-at="2019-12-07T19:49:47 IST" name="Test" finished-at="2019-12-07T19:49:47 IST" duration-ms="32">
      <class name="flipkart.flipkart.ExampleClass">
        <test-method is-config="true" signature="beforeSuite()[pri:0, instance:flipkart.flipkart.ExampleClass@3bd82cf5]" started-at="2019-12-07T19:49:47 IST" name="beforeSuite" finished-at="2019-12-07T19:49:47 IST" duration-ms="16" status="PASS">
          <reporter-output>
          </reporter-output>
        </test-method> <!-- beforeSuite -->
        <test-method is-config="true" signature="beforeClass()[pri:0, instance:flipkart.flipkart.ExampleClass@3bd82cf5]" started-at="2019-12-07T19:49:47 IST" name="beforeClass" finished-at="2019-12-07T19:49:47 IST" duration-ms="0" status="PASS">
          <reporter-output>
          </reporter-output>
        </test-method> <!-- beforeClass -->
        <test-method is-config="true" signature="beforeTest()[pri:0, instance:flipkart.flipkart.ExampleClass@3bd82cf5]" started-at="2019-12-07T19:49:47 IST" name="beforeTest" finished-at="2019-12-07T19:49:47 IST" duration-ms="0" status="PASS">
          <reporter-output>
          </reporter-output>
        </test-method> <!-- beforeTest -->
        <test-method is-config="true" signature="beforeMethod()[pri:0, instance:flipkart.flipkart.ExampleClass@3bd82cf5]" started-at="2019-12-07T19:49:47 IST" name="beforeMethod" finished-at="2019-12-07T19:49:47 IST" duration-ms="0" status="PASS">
          <reporter-output>
          </reporter-output>
        </test-method> <!-- beforeMethod -->
        <test-method signature="Get()[pri:0, instance:flipkart.flipkart.ExampleClass@3bd82cf5]" started-at="2019-12-07T19:49:47 IST" name="Get" finished-at="2019-12-07T19:49:47 IST" duration-ms="0" status="PASS">
          <reporter-output>
          </reporter-output>
        </test-method> <!-- Get -->
        <test-method is-config="true" signature="AfterClass()[pri:0, instance:flipkart.flipkart.ExampleClass@3bd82cf5]" started-at="2019-12-07T19:49:47 IST" name="AfterClass" finished-at="2019-12-07T19:49:47 IST" duration-ms="0" status="PASS">
          <reporter-output>
          </reporter-output>
        </test-method> <!-- AfterClass -->
        <test-method is-config="true" signature="Aftermethod()[pri:0, instance:flipkart.flipkart.ExampleClass@3bd82cf5]" started-at="2019-12-07T19:49:47 IST" name="Aftermethod" finished-at="2019-12-07T19:49:47 IST" duration-ms="0" status="PASS">
          <reporter-output>
          </reporter-output>
        </test-method> <!-- Aftermethod -->
        <test-method is-config="true" signature="AfterTest()[pri:0, instance:flipkart.flipkart.ExampleClass@3bd82cf5]" started-at="2019-12-07T19:49:47 IST" name="AfterTest" finished-at="2019-12-07T19:49:47 IST" duration-ms="0" status="PASS">
          <reporter-output>
          </reporter-output>
        </test-method> <!-- AfterTest -->
        <test-method is-config="true" signature="AfterSuite()[pri:0, instance:flipkart.flipkart.ExampleClass@3bd82cf5]" started-at="2019-12-07T19:49:47 IST" name="AfterSuite" finished-at="2019-12-07T19:49:47 IST" duration-ms="0" status="PASS">
          <reporter-output>
          </reporter-output>
        </test-method> <!-- AfterSuite -->
      </class> <!-- flipkart.flipkart.ExampleClass -->
    </test> <!-- Test -->
  </suite> <!-- Suite -->
  <suite started-at="2019-12-07T19:49:47 IST" name="Suite (0)" finished-at="2019-12-07T19:50:43 IST" duration-ms="55550">
    <groups>
      <group name="one">
        <method signature="GetTitle.GetTitle()[pri:0, instance:flipkart.flipkart.GetTitle@f79e]" name="GetTitle" class="flipkart.flipkart.GetTitle"/>
        <method signature="GetTitle.GetTitle1()[pri:0, instance:flipkart.flipkart.GetTitle@f79e]" name="GetTitle1" class="flipkart.flipkart.GetTitle"/>
        <method signature="LoginFun.Main()[pri:0, instance:flipkart.flipkart.LoginFun@7ee8290b]" name="Main" class="flipkart.flipkart.LoginFun"/>
      </group> <!-- one -->
      <group name="two">
        <method signature="GetTitle.GetTitle()[pri:0, instance:flipkart.flipkart.GetTitle@f79e]" name="GetTitle" class="flipkart.flipkart.GetTitle"/>
      </group> <!-- two -->
    </groups>
    <test started-at="2019-12-07T19:49:47 IST" name="Test" finished-at="2019-12-07T19:50:43 IST" duration-ms="55550">
      <class name="flipkart.flipkart.LoginFun">
        <test-method is-config="true" signature="beforeMethod()[pri:0, instance:flipkart.flipkart.LoginFun@7ee8290b]" started-at="2019-12-07T19:50:25 IST" name="beforeMethod" finished-at="2019-12-07T19:50:34 IST" duration-ms="9265" status="PASS">
          <reporter-output>
          </reporter-output>
        </test-method> <!-- beforeMethod -->
        <test-method signature="Main()[pri:0, instance:flipkart.flipkart.LoginFun@7ee8290b]" started-at="2019-12-07T19:50:34 IST" name="Main" finished-at="2019-12-07T19:50:38 IST" duration-ms="4229" status="PASS">
          <reporter-output>
          </reporter-output>
        </test-method> <!-- Main -->
        <test-method is-config="true" signature="aftermethod()[pri:0, instance:flipkart.flipkart.LoginFun@7ee8290b]" started-at="2019-12-07T19:50:38 IST" name="aftermethod" finished-at="2019-12-07T19:50:43 IST" duration-ms="4773" status="PASS">
          <reporter-output>
          </reporter-output>
        </test-method> <!-- aftermethod -->
      </class> <!-- flipkart.flipkart.LoginFun -->
      <class name="flipkart.flipkart.GetTitle">
        <test-method is-config="true" signature="beforeMethod()[pri:0, instance:flipkart.flipkart.GetTitle@f79e]" started-at="2019-12-07T19:49:47 IST" name="beforeMethod" finished-at="2019-12-07T19:50:00 IST" duration-ms="12319" status="PASS">
          <reporter-output>
          </reporter-output>
        </test-method> <!-- beforeMethod -->
        <test-method signature="GetTitle()[pri:0, instance:flipkart.flipkart.GetTitle@f79e]" started-at="2019-12-07T19:50:00 IST" name="GetTitle" finished-at="2019-12-07T19:50:04 IST" duration-ms="4185" status="PASS">
          <reporter-output>
          </reporter-output>
        </test-method> <!-- GetTitle -->
        <test-method is-config="true" signature="aftermethod()[pri:0, instance:flipkart.flipkart.GetTitle@f79e]" started-at="2019-12-07T19:50:04 IST" name="aftermethod" finished-at="2019-12-07T19:50:09 IST" duration-ms="4667" status="PASS">
          <reporter-output>
          </reporter-output>
        </test-method> <!-- aftermethod -->
        <test-method is-config="true" signature="beforeMethod()[pri:0, instance:flipkart.flipkart.GetTitle@f79e]" started-at="2019-12-07T19:50:09 IST" name="beforeMethod" finished-at="2019-12-07T19:50:16 IST" duration-ms="7147" status="PASS">
          <reporter-output>
          </reporter-output>
        </test-method> <!-- beforeMethod -->
        <test-method signature="GetTitle1()[pri:0, instance:flipkart.flipkart.GetTitle@f79e]" started-at="2019-12-07T19:50:16 IST" name="GetTitle1" finished-at="2019-12-07T19:50:20 IST" duration-ms="4187" status="PASS">
          <reporter-output>
          </reporter-output>
        </test-method> <!-- GetTitle1 -->
        <test-method is-config="true" signature="aftermethod()[pri:0, instance:flipkart.flipkart.GetTitle@f79e]" started-at="2019-12-07T19:50:20 IST" name="aftermethod" finished-at="2019-12-07T19:50:25 IST" duration-ms="4772" status="PASS">
          <reporter-output>
          </reporter-output>
        </test-method> <!-- aftermethod -->
      </class> <!-- flipkart.flipkart.GetTitle -->
    </test> <!-- Test -->
  </suite> <!-- Suite (0) -->
</testng-results>
