<?xml version="1.0" encoding="UTF-8"?>
<testsuite xmlns:xsi="http://www.w3.org/2001/XMLSchema-instance" xsi:noNamespaceSchemaLocation="https://maven.apache.org/surefire/maven-surefire-plugin/xsd/surefire-test-report-3.0.xsd" version="3.0" name="TestSuite" time="57.094" tests="4" errors="0" skipped="0" failures="0">
  <properties>
[...]
</properties>
  <testcase name="Get" classname="flipkart.flipkart.ExampleClass" time="0.016"/>
  <testcase name="GetTitle" classname="flipkart.flipkart.GetTitle" time="4.186"/>
  <testcase name="GetTitle1" classname="flipkart.flipkart.GetTitle" time="4.187"/>
  <testcase name="Main" classname="flipkart.flipkart.LoginFun" time="4.23"/>
</testsuite>