<?xml version="1.0" encoding="UTF-8"?>
<!-- Generated by org.testng.reporters.JUnitXMLReporter -->
<testsuite ignored="0" hostname="DESKTOP-HLTLLQB" failures="0" tests="3" name="Test" time="55.55" errors="0" timestamp="2019-12-07T19:50:43 IST">
  <testcase classname="flipkart.flipkart.GetTitle" name="GetTitle" time="4.185"/>
  <testcase classname="flipkart.flipkart.GetTitle" name="GetTitle1" time="4.187"/>
  <testcase classname="flipkart.flipkart.LoginFun" name="Main" time="4.229"/>
</testsuite> <!-- Test -->
